  0.000000000000000E+000  0.000000000000000E+000
   109.093963301118        21.8187926583466     
   218.187926597148        21.8187926596420     
   305.463097232399        21.8187926587911     
   414.557060522244        21.8187926577533     
   501.832231152594        21.8187926576781     
   610.926194440954        21.8187926577331     
   720.020157727958        21.8187926569813     
   807.295328353265        21.8187926564866     
   916.389291634877        21.8187926565385     
   1003.66446226045        21.8187926563206     
   1112.75842554215        21.8187926562968     
   1200.03359616768        21.8187926563791     
   1309.12755944851        21.8187926559474     
   1418.22152272472        21.8187926541264     
   1505.49669334436        21.8187926552789     
   1614.59065662165        21.8187926558891     
   1701.86582724525        21.8187926562893     
   1810.95979052528        21.8187926558110     
   1920.05375380172        21.8187926558164     
   2007.32892442452        21.8187926556151     
   2116.42288770251        21.8187926553894     
   2203.69805832316        21.8187926548782     
   2312.79202159252        21.8187926540915     
   2400.06719220860        21.8187926543545     
   2509.16115548272        21.8187926548556     
   2618.25511875906        21.8187926553865     
   2705.53028937803        21.8187926542348     
   2814.62425265033        21.8187926544717     
   2901.89942326546        21.8187926534963     
   3010.99338653530        21.8187926537876     
   3120.08734980270        21.8187926537714     
   3207.36252041861        21.8187926541289     
   3316.45648369229        21.8187926552646     
   3403.73165431077        21.8187926550139     
   3512.82561758520        21.8187926544182     
   3600.10078820485        21.8187926548337     
   3709.19475147934        21.8187926539685     
   3818.28871474712        21.8187926536094     
   3905.56388536188        21.8187926538339     
   4014.65784862814        21.8187926529087     
   4101.93301924251        21.8187926529423     
   4211.02698250942        21.8187926545183     
   4320.12094577446        21.8187926519605     
   4407.39611638329        21.8187926524083     
   4516.49007964700        21.8187926522197     
   4603.76525025807        21.8187926532560     
   4712.85921352120        21.8187926523428     
